<?xml version="1.0" encoding="UTF-8"?>
<testng-results total="1" passed="1" failed="0" skipped="0">
  <reporter-output>
  </reporter-output>
  <suite started-at="2021-05-04T08:12:24Z" name="Suite" finished-at="2021-05-04T08:12:24Z" duration-ms="41">
    <groups>
    </groups>
    <test started-at="2021-05-04T08:12:24Z" name="Test" finished-at="2021-05-04T08:12:24Z" duration-ms="41">
      <class name="Tests.sample1">
        <test-method signature="f()[pri:0, instance:Tests.sample1@b83a9be]" started-at="2021-05-04T01:12:24Z" name="f" finished-at="2021-05-04T01:12:24Z" duration-ms="16" status="PASS">
          <reporter-output>
          </reporter-output>
        </test-method> <!-- f -->
      </class> <!-- Tests.sample1 -->
    </test> <!-- Test -->
  </suite> <!-- Suite -->
</testng-results>
